<?xml version='1.0' encoding='utf-8'?>
<testsuites name="matrix-group verification" tests="78" failures="0" errors="0" skipped="0" time="85.290000">
  <testsuite name="pytest" errors="0" failures="0" skipped="0" tests="4" time="1.902" timestamp="2026-07-18T10:43:55.313881-04:00" hostname="Nathans-MacBook-Pro-2.local">
    <testcase classname="proved_matrix_groups.packages.association_scheme_permutation_representations.test_verification" name="test_johnson_suite" time="0.023" />
    <testcase classname="proved_matrix_groups.packages.association_scheme_permutation_representations.test_verification" name="test_hamming_suite" time="0.015" />
    <testcase classname="proved_matrix_groups.packages.association_scheme_permutation_representations.test_verification" name="test_grassmann_suite" time="0.175" />
    <testcase classname="proved_matrix_groups.packages.association_scheme_permutation_representations.test_verification" name="test_polar_suite" time="1.623" />
  </testsuite>
  <testsuite name="pytest" errors="0" failures="0" skipped="0" tests="4" time="32.293" timestamp="2026-07-18T10:43:57.355810-04:00" hostname="Nathans-MacBook-Pro-2.local">
    <testcase classname="proved_matrix_groups.packages.compact_connected_lie_groups.test_verification_core" name="test_exceptional_weight_data" time="1.914" />
    <testcase classname="proved_matrix_groups.packages.compact_connected_lie_groups.test_verification_core" name="test_exact_manageable_exceptional_coefficients" time="3.811" />
    <testcase classname="proved_matrix_groups.packages.compact_connected_lie_groups.test_verification_core" name="test_exact_monomial_coefficients_in_manageable_degrees" time="26.432" />
    <testcase classname="proved_matrix_groups.packages.compact_connected_lie_groups.test_verification_core" name="test_su_adjoint_small_n" time="0.124" />
  </testsuite>
  <testsuite name="pytest" errors="0" failures="0" skipped="0" tests="14" time="0.086" timestamp="2026-07-18T10:45:04.786910-04:00" hostname="Nathans-MacBook-Pro-2.local">
    <testcase classname="tests.test_lambda_distributions.CoreTests" name="test_distribution_is_linear" time="0.001" />
    <testcase classname="tests.test_lambda_distributions.CoreTests" name="test_empty_partition_has_moment_one" time="0.000" />
    <testcase classname="tests.test_lambda_distributions.CoreTests" name="test_group_constructor_orders_and_dimensions" time="0.000" />
    <testcase classname="tests.test_lambda_distributions.CoreTests" name="test_numerical_matrix_samplers_respect_their_groups" time="0.007" />
    <testcase classname="tests.test_lambda_distributions.CoreTests" name="test_sigma_mgf_power_sum_coefficients" time="0.000" />
    <testcase classname="tests.test_lambda_distributions.CoreTests" name="test_z_partition" time="0.000" />
    <testcase classname="tests.test_lambda_distributions.FormulaTests" name="test_alternating_formula" time="0.002" />
    <testcase classname="tests.test_lambda_distributions.FormulaTests" name="test_cyclic_character_formula" time="0.003" />
    <testcase classname="tests.test_lambda_distributions.FormulaTests" name="test_cyclic_real_formula" time="0.002" />
    <testcase classname="tests.test_lambda_distributions.FormulaTests" name="test_cyclic_scalar_sigma_monomial_theorem" time="0.013" />
    <testcase classname="tests.test_lambda_distributions.FormulaTests" name="test_dicyclic_formula" time="0.002" />
    <testcase classname="tests.test_lambda_distributions.FormulaTests" name="test_dihedral_formula" time="0.002" />
    <testcase classname="tests.test_lambda_distributions.FormulaTests" name="test_generalized_symmetric_formula" time="0.003" />
    <testcase classname="tests.test_lambda_distributions.FormulaTests" name="test_pauli_formula" time="0.008" />
  </testsuite>
  <testsuite name="pytest" errors="0" failures="0" skipped="0" tests="3" time="0.460" timestamp="2026-07-18T10:44:30.029735-04:00" hostname="Nathans-MacBook-Pro-2.local">
    <testcase classname="proved_matrix_groups.packages.finite_braid_images.test_verification" name="test_cyclic_scalar_braid_image" time="0.037" />
    <testcase classname="proved_matrix_groups.packages.finite_braid_images.test_verification" name="test_s3_permutation_braid_image" time="0.003" />
    <testcase classname="proved_matrix_groups.packages.finite_braid_images.test_verification" name="test_ising_and_projective_adjoint" time="0.362" />
  </testsuite>
  <testsuite name="pytest" errors="0" failures="0" skipped="0" tests="17" time="3.154" timestamp="2026-07-18T10:44:30.640972-04:00" hostname="Nathans-MacBook-Pro-2.local">
    <testcase classname="proved_matrix_groups.packages.finite_group_exact_formulas.test_verification_core" name="test_single_dicyclic_irrep[2-1-tau0]" time="0.003" />
    <testcase classname="proved_matrix_groups.packages.finite_group_exact_formulas.test_verification_core" name="test_single_dicyclic_irrep[3-1-tau1]" time="0.002" />
    <testcase classname="proved_matrix_groups.packages.finite_group_exact_formulas.test_verification_core" name="test_single_dicyclic_irrep[4-2-tau2]" time="0.002" />
    <testcase classname="proved_matrix_groups.packages.finite_group_exact_formulas.test_verification_core" name="test_single_dicyclic_irrep[5-3-tau3]" time="0.002" />
    <testcase classname="proved_matrix_groups.packages.finite_group_exact_formulas.test_verification_core" name="test_arbitrary_dicyclic_direct_sum_with_one_dimensional_characters" time="0.003" />
    <testcase classname="proved_matrix_groups.packages.finite_group_exact_formulas.test_verification_core" name="test_dicyclic_direct_sum_of_two_dimensional_irreps" time="0.002" />
    <testcase classname="proved_matrix_groups.packages.finite_group_exact_formulas.test_verification_core" name="test_dicyclic_regular_representation_formula" time="2.996" />
    <testcase classname="proved_matrix_groups.packages.finite_group_exact_formulas.test_verification_core" name="test_symmetric_cycle_and_orbit_formulas[2-tau0]" time="0.001" />
    <testcase classname="proved_matrix_groups.packages.finite_group_exact_formulas.test_verification_core" name="test_symmetric_cycle_and_orbit_formulas[3-tau1]" time="0.001" />
    <testcase classname="proved_matrix_groups.packages.finite_group_exact_formulas.test_verification_core" name="test_symmetric_cycle_and_orbit_formulas[4-tau2]" time="0.004" />
    <testcase classname="proved_matrix_groups.packages.finite_group_exact_formulas.test_verification_core" name="test_symmetric_cycle_and_orbit_formulas[5-tau3]" time="0.016" />
    <testcase classname="proved_matrix_groups.packages.finite_group_exact_formulas.test_verification_core" name="test_alternating_cycle_and_split_orbit_formulas[3-tau0]" time="0.001" />
    <testcase classname="proved_matrix_groups.packages.finite_group_exact_formulas.test_verification_core" name="test_alternating_cycle_and_split_orbit_formulas[3-tau1]" time="0.001" />
    <testcase classname="proved_matrix_groups.packages.finite_group_exact_formulas.test_verification_core" name="test_alternating_cycle_and_split_orbit_formulas[4-tau2]" time="0.001" />
    <testcase classname="proved_matrix_groups.packages.finite_group_exact_formulas.test_verification_core" name="test_alternating_cycle_and_split_orbit_formulas[5-tau3]" time="0.016" />
    <testcase classname="proved_matrix_groups.packages.finite_group_exact_formulas.test_verification_core" name="test_alternating_cycle_and_split_orbit_formulas[5-tau4]" time="0.020" />
    <testcase classname="proved_matrix_groups.packages.finite_group_exact_formulas.test_verification_core" name="test_every_reported_sweep_row_agrees" time="0.044" />
  </testsuite>
  <testsuite name="pytest" errors="0" failures="0" skipped="0" tests="3" time="34.205" timestamp="2026-07-18T10:54:56.348139-04:00" hostname="Nathans-MacBook-Pro-2.local">
    <testcase classname="proved_matrix_groups.packages.finite_lie_type_permutation_actions.test_verification" name="test_linear_suite" time="0.046" />
    <testcase classname="proved_matrix_groups.packages.finite_lie_type_permutation_actions.test_verification" name="test_polar_suite" time="20.204" />
    <testcase classname="proved_matrix_groups.packages.finite_lie_type_permutation_actions.test_verification" name="test_polar_degree_three_types_stabilize_across_two_ranks" time="13.853" />
  </testsuite>
  <testsuite name="pytest" errors="0" failures="0" skipped="0" tests="7" time="3.219" timestamp="2026-07-18T10:44:35.402302-04:00" hostname="Nathans-MacBook-Pro-2.local">
    <testcase classname="proved_matrix_groups.packages.finite_group_sigma_mgf.test_verification" name="test_regular_representations" time="0.008" />
    <testcase classname="proved_matrix_groups.packages.finite_group_sigma_mgf.test_verification" name="test_symmetric_group_representations" time="0.017" />
    <testcase classname="proved_matrix_groups.packages.finite_group_sigma_mgf.test_verification" name="test_subset_actions" time="0.259" />
    <testcase classname="proved_matrix_groups.packages.finite_group_sigma_mgf.test_verification" name="test_stable_subset_quadratic_coefficient" time="2.511" />
    <testcase classname="proved_matrix_groups.packages.finite_group_sigma_mgf.test_verification" name="test_alternating_subset_quadratic_boundaries" time="0.104" />
    <testcase classname="proved_matrix_groups.packages.finite_group_sigma_mgf.test_verification" name="test_derived_character_formulas" time="0.001" />
    <testcase classname="proved_matrix_groups.packages.finite_group_sigma_mgf.test_verification" name="test_reported_rows_pass" time="0.283" />
  </testsuite>
  <testsuite name="pytest" errors="0" failures="0" skipped="0" tests="4" time="0.122" timestamp="2026-07-18T10:44:59.490813-04:00" hostname="Nathans-MacBook-Pro-2.local">
    <testcase classname="proved_matrix_groups.packages.generalized_molien_extensions.test_verification" name="test_code_monomial_formula" time="0.012" />
    <testcase classname="proved_matrix_groups.packages.generalized_molien_extensions.test_verification" name="test_code_monomial_rejects_nonpermutation_automorphism" time="0.000" />
    <testcase classname="proved_matrix_groups.packages.generalized_molien_extensions.test_verification" name="test_delta_su3_formulas" time="0.058" />
    <testcase classname="proved_matrix_groups.packages.generalized_molien_extensions.test_verification" name="test_psl2_projective_line_formula" time="0.007" />
  </testsuite>
  <testsuite name="pytest" errors="0" failures="0" skipped="0" tests="1" time="1.282" timestamp="2026-07-18T10:44:33.945627-04:00" hostname="Nathans-MacBook-Pro-2.local">
    <testcase classname="proved_matrix_groups.packages.finite_group_sigma_mgf.hyperoctahedral_cube.test_verification" name="test_hyperoctahedral_cube_formulas" time="1.245" />
  </testsuite>
  <testsuite name="pytest" errors="0" failures="0" skipped="0" tests="5" time="0.050" timestamp="2026-07-18T10:44:59.732703-04:00" hostname="Nathans-MacBook-Pro-2.local">
    <testcase classname="proved_matrix_groups.packages.local_unitary_tensor_products.test_verification" name="test_partition_data" time="0.000" />
    <testcase classname="proved_matrix_groups.packages.local_unitary_tensor_products.test_verification" name="test_stable_power_formula" time="0.000" />
    <testcase classname="proved_matrix_groups.packages.local_unitary_tensor_products.test_verification" name="test_symmetric_coefficients" time="0.000" />
    <testcase classname="proved_matrix_groups.packages.local_unitary_tensor_products.test_verification" name="test_multilinear_coefficients_and_stable_range" time="0.000" />
    <testcase classname="proved_matrix_groups.packages.local_unitary_tensor_products.test_verification" name="test_constructed_tensor_product_matrices" time="0.016" />
  </testsuite>
  <testsuite name="pytest" errors="0" failures="0" skipped="0" tests="3" time="3.488" timestamp="2026-07-18T10:44:59.912678-04:00" hostname="Nathans-MacBook-Pro-2.local">
    <testcase classname="proved_matrix_groups.packages.matrix_group_formula_verification.test_verification" name="test_restricted_monomial_suite" time="0.035" />
    <testcase classname="proved_matrix_groups.packages.matrix_group_formula_verification.test_verification" name="test_h3_suite" time="3.430" />
    <testcase classname="proved_matrix_groups.packages.matrix_group_formula_verification.test_verification" name="test_representation_variants_suite" time="0.014" />
  </testsuite>
  <testsuite name="pytest" errors="0" failures="0" skipped="0" tests="3" time="0.339" timestamp="2026-07-18T10:45:03.566721-04:00" hostname="Nathans-MacBook-Pro-2.local">
    <testcase classname="proved_matrix_groups.packages.nonuniform_lambda_distributions.test_verification" name="test_cyclic_groups" time="0.008" />
    <testcase classname="proved_matrix_groups.packages.nonuniform_lambda_distributions.test_verification" name="test_symmetric_groups" time="0.053" />
    <testcase classname="proved_matrix_groups.packages.nonuniform_lambda_distributions.test_verification" name="test_compact_u1_heat" time="0.236" />
  </testsuite>
  <testsuite name="pytest" errors="0" failures="0" skipped="0" tests="4" time="0.313" timestamp="2026-07-18T10:45:04.062979-04:00" hostname="Nathans-MacBook-Pro-2.local">
    <testcase classname="proved_matrix_groups.packages.schur_functor_classical_groups.test_verification" name="test_hook_content_dimensions_used_by_the_matrix_constructor" time="0.000" />
    <testcase classname="proved_matrix_groups.packages.schur_functor_classical_groups.test_verification" name="test_unitary_schur_functor_suite" time="0.080" />
    <testcase classname="proved_matrix_groups.packages.schur_functor_classical_groups.test_verification" name="test_orthogonal_schur_functor_suite" time="0.056" />
    <testcase classname="proved_matrix_groups.packages.schur_functor_classical_groups.test_verification" name="test_symplectic_schur_functor_suite" time="0.135" />
  </testsuite>
  <testsuite name="pytest" errors="0" failures="0" skipped="0" tests="2" time="4.274" timestamp="2026-07-18T10:45:34.429590-04:00" hostname="Nathans-MacBook-Pro-2.local">
    <testcase classname="proved_matrix_groups.packages.sporadic_matrix_groups.test_verification" name="test_m24_permutation_verification_and_external_data" time="3.020" />
    <testcase classname="proved_matrix_groups.packages.sporadic_matrix_groups.test_verification" name="test_co0_signed_coordinate_stress_test" time="1.162" />
  </testsuite>
  <testsuite name="pytest" errors="0" failures="0" skipped="0" tests="4" time="0.103" timestamp="2026-07-18T10:45:04.530719-04:00" hostname="Nathans-MacBook-Pro-2.local">
    <testcase classname="proved_matrix_groups.packages.unitary_conjugation_endomorphisms.test_verification" name="test_representative_direct_matrix_checks" time="0.066" />
    <testcase classname="proved_matrix_groups.packages.unitary_conjugation_endomorphisms.test_verification" name="test_expected_finite_rank_correction" time="0.000" />
    <testcase classname="proved_matrix_groups.packages.unitary_conjugation_endomorphisms.test_verification" name="test_stable_orbits_equal_necklace_euler_coefficients" time="0.000" />
    <testcase classname="proved_matrix_groups.packages.unitary_conjugation_endomorphisms.test_verification" name="test_constructed_group_matrices" time="0.000" />
  </testsuite>
</testsuites>